<?xml version="1.0" encoding="UTF-8"?>
<testsuite name="com.starostka.bank.user.AddUserSpec" tests="2" skipped="0" failures="0" errors="0" timestamp="2020-11-22T19:41:02" hostname="rolbas-PC" time="0.02">
  <properties/>
  <testcase name="should add new user" classname="com.starostka.bank.user.AddUserSpec" time="0.018"/>
  <testcase name="should remove user" classname="com.starostka.bank.user.AddUserSpec" time="0.002"/>
  <system-out><![CDATA[]]></system-out>
  <system-err><![CDATA[]]></system-err>
</testsuite>
